<?xml version="1.0" encoding="UTF-8"?>
<!-- Generated by org.testng.reporters.JUnitXMLReporter -->
<testsuite hostname="DESKTOP-08J39R4" ignored="0" name="Default test" tests="5" failures="0" timestamp="03 Jul 2018 22:42:30 GMT" time="48.366" errors="0">
  <testcase name="countryByMedal" time="2.86" classname="olympics.OlympicsMedals"/>
  <testcase name="getIndex" time="3.104" classname="olympics.OlympicsMedals"/>
  <testcase name="getSum" time="3.358" classname="olympics.OlympicsMedals"/>
  <testcase name="sortTest" time="3.271" classname="olympics.OlympicsMedals"/>
  <testcase name="theMost" time="6.386" classname="olympics.OlympicsMedals"/>
</testsuite> <!-- Default test -->
