<?xml version="1.0" encoding="UTF-8"?>
<testng-results skipped="0" failed="0" ignored="0" total="5" passed="5">
  <reporter-output>
  </reporter-output>
  <suite name="Default suite" duration-ms="48366" started-at="2018-07-03T22:41:42Z" finished-at="2018-07-03T22:42:30Z">
    <groups>
    </groups>
    <test name="Default test" duration-ms="48366" started-at="2018-07-03T22:41:42Z" finished-at="2018-07-03T22:42:30Z">
      <class name="olympics.OlympicsMedals">
        <test-method status="PASS" signature="setUp()[pri:0, instance:olympics.OlympicsMedals@6d4b1c02]" name="setUp" is-config="true" duration-ms="1134" started-at="2018-07-03T22:41:42Z" finished-at="2018-07-03T22:41:43Z">
          <reporter-output>
          </reporter-output>
        </test-method> <!-- setUp -->
        <test-method status="PASS" signature="beforeMethod()[pri:0, instance:olympics.OlympicsMedals@6d4b1c02]" name="beforeMethod" is-config="true" duration-ms="3812" started-at="2018-07-03T22:41:43Z" finished-at="2018-07-03T22:41:47Z">
          <reporter-output>
          </reporter-output>
        </test-method> <!-- beforeMethod -->
        <test-method status="PASS" signature="countryByMedal()[pri:0, instance:olympics.OlympicsMedals@6d4b1c02]" name="countryByMedal" duration-ms="2860" started-at="2018-07-03T22:41:47Z" finished-at="2018-07-03T22:41:49Z">
          <reporter-output>
          </reporter-output>
        </test-method> <!-- countryByMedal -->
        <test-method status="PASS" signature="tearDown()[pri:0, instance:olympics.OlympicsMedals@6d4b1c02]" name="tearDown" is-config="true" duration-ms="2114" started-at="2018-07-03T22:41:49Z" finished-at="2018-07-03T22:41:51Z">
          <reporter-output>
          </reporter-output>
        </test-method> <!-- tearDown -->
        <test-method status="PASS" signature="beforeMethod()[pri:0, instance:olympics.OlympicsMedals@6d4b1c02]" name="beforeMethod" is-config="true" duration-ms="3251" started-at="2018-07-03T22:41:51Z" finished-at="2018-07-03T22:41:55Z">
          <reporter-output>
          </reporter-output>
        </test-method> <!-- beforeMethod -->
        <test-method status="PASS" signature="getIndex()[pri:0, instance:olympics.OlympicsMedals@6d4b1c02]" name="getIndex" duration-ms="3104" started-at="2018-07-03T22:41:55Z" finished-at="2018-07-03T22:41:58Z">
          <reporter-output>
          </reporter-output>
        </test-method> <!-- getIndex -->
        <test-method status="PASS" signature="tearDown()[pri:0, instance:olympics.OlympicsMedals@6d4b1c02]" name="tearDown" is-config="true" duration-ms="2365" started-at="2018-07-03T22:41:58Z" finished-at="2018-07-03T22:42:00Z">
          <reporter-output>
          </reporter-output>
        </test-method> <!-- tearDown -->
        <test-method status="PASS" signature="beforeMethod()[pri:0, instance:olympics.OlympicsMedals@6d4b1c02]" name="beforeMethod" is-config="true" duration-ms="3268" started-at="2018-07-03T22:42:00Z" finished-at="2018-07-03T22:42:03Z">
          <reporter-output>
          </reporter-output>
        </test-method> <!-- beforeMethod -->
        <test-method status="PASS" signature="getSum()[pri:0, instance:olympics.OlympicsMedals@6d4b1c02]" name="getSum" duration-ms="3358" started-at="2018-07-03T22:42:03Z" finished-at="2018-07-03T22:42:07Z">
          <reporter-output>
          </reporter-output>
        </test-method> <!-- getSum -->
        <test-method status="PASS" signature="tearDown()[pri:0, instance:olympics.OlympicsMedals@6d4b1c02]" name="tearDown" is-config="true" duration-ms="2134" started-at="2018-07-03T22:42:07Z" finished-at="2018-07-03T22:42:09Z">
          <reporter-output>
          </reporter-output>
        </test-method> <!-- tearDown -->
        <test-method status="PASS" signature="beforeMethod()[pri:0, instance:olympics.OlympicsMedals@6d4b1c02]" name="beforeMethod" is-config="true" duration-ms="3254" started-at="2018-07-03T22:42:09Z" finished-at="2018-07-03T22:42:12Z">
          <reporter-output>
          </reporter-output>
        </test-method> <!-- beforeMethod -->
        <test-method status="PASS" signature="sortTest()[pri:0, instance:olympics.OlympicsMedals@6d4b1c02]" name="sortTest" duration-ms="3271" started-at="2018-07-03T22:42:12Z" finished-at="2018-07-03T22:42:15Z">
          <reporter-output>
          </reporter-output>
        </test-method> <!-- sortTest -->
        <test-method status="PASS" signature="tearDown()[pri:0, instance:olympics.OlympicsMedals@6d4b1c02]" name="tearDown" is-config="true" duration-ms="2368" started-at="2018-07-03T22:42:15Z" finished-at="2018-07-03T22:42:18Z">
          <reporter-output>
          </reporter-output>
        </test-method> <!-- tearDown -->
        <test-method status="PASS" signature="beforeMethod()[pri:0, instance:olympics.OlympicsMedals@6d4b1c02]" name="beforeMethod" is-config="true" duration-ms="3300" started-at="2018-07-03T22:42:18Z" finished-at="2018-07-03T22:42:21Z">
          <reporter-output>
          </reporter-output>
        </test-method> <!-- beforeMethod -->
        <test-method status="PASS" signature="theMost()[pri:0, instance:olympics.OlympicsMedals@6d4b1c02]" name="theMost" duration-ms="6386" started-at="2018-07-03T22:42:21Z" finished-at="2018-07-03T22:42:28Z">
          <reporter-output>
          </reporter-output>
        </test-method> <!-- theMost -->
        <test-method status="PASS" signature="tearDown()[pri:0, instance:olympics.OlympicsMedals@6d4b1c02]" name="tearDown" is-config="true" duration-ms="2354" started-at="2018-07-03T22:42:28Z" finished-at="2018-07-03T22:42:30Z">
          <reporter-output>
          </reporter-output>
        </test-method> <!-- tearDown -->
      </class> <!-- olympics.OlympicsMedals -->
    </test> <!-- Default test -->
  </suite> <!-- Default suite -->
</testng-results>
